Using pre-set license
Built from '2021.3/staging' branch; Version is '2021.3.11f1 (0a5ca18544bf) revision 679073'; Using compiler version '192829333'; Build Type 'Release'
OS: 'Windows 10  (10.0.19043) 64bit Professional' Language: 'ko' Physical Memory: 32637 MB
BatchMode: 1, IsHumanControllingUs: 0, StartBugReporterOnCrash: 0, Is64bit: 1, IsPro: 1

COMMAND LINE ARGUMENTS:
C:\Program Files\Unity\Hub\Editor\2020.3.21f1\2021.3.11f1\Editor\Unity.exe
-adb2
-batchMode
-noUpm
-name
AssetImportWorker2
-projectPath
C:/Users/USER/Documents/GitHub/MM/game
-logFile
Logs/AssetImportWorker2.log
-srvPort
64766
Successfully changed project path to: C:/Users/USER/Documents/GitHub/MM/game
C:/Users/USER/Documents/GitHub/MM/game
[UnityMemory] Configuration Parameters - Can be set up in boot.config
    "memorysetup-bucket-allocator-granularity=16"
    "memorysetup-bucket-allocator-bucket-count=8"
    "memorysetup-bucket-allocator-block-size=33554432"
    "memorysetup-bucket-allocator-block-count=8"
    "memorysetup-main-allocator-block-size=16777216"
    "memorysetup-thread-allocator-block-size=16777216"
    "memorysetup-gfx-main-allocator-block-size=16777216"
    "memorysetup-gfx-thread-allocator-block-size=16777216"
    "memorysetup-cache-allocator-block-size=4194304"
    "memorysetup-typetree-allocator-block-size=2097152"
    "memorysetup-profiler-bucket-allocator-granularity=16"
    "memorysetup-profiler-bucket-allocator-bucket-count=8"
    "memorysetup-profiler-bucket-allocator-block-size=33554432"
    "memorysetup-profiler-bucket-allocator-block-count=8"
    "memorysetup-profiler-allocator-block-size=16777216"
    "memorysetup-profiler-editor-allocator-block-size=1048576"
    "memorysetup-temp-allocator-size-main=16777216"
    "memorysetup-job-temp-allocator-block-size=2097152"
    "memorysetup-job-temp-allocator-block-size-background=1048576"
    "memorysetup-job-temp-allocator-reduction-small-platforms=262144"
    "memorysetup-temp-allocator-size-background-worker=32768"
    "memorysetup-temp-allocator-size-job-worker=262144"
    "memorysetup-temp-allocator-size-preload-manager=33554432"
    "memorysetup-temp-allocator-size-nav-mesh-worker=65536"
    "memorysetup-temp-allocator-size-audio-worker=65536"
    "memorysetup-temp-allocator-size-cloud-worker=32768"
    "memorysetup-temp-allocator-size-gi-baking-worker=262144"
    "memorysetup-temp-allocator-size-gfx=262144"
Refreshing native plugins compatible for Editor in 71.60 ms, found 3 plugins.
Preloading 0 native plugins for Editor in 0.00 ms.
Initialize engine version: 2021.3.11f1 (0a5ca18544bf)
[Subsystems] Discovering subsystems at path C:/Program Files/Unity/Hub/Editor/2020.3.21f1/2021.3.11f1/Editor/Data/Resources/UnitySubsystems
[Subsystems] Discovering subsystems at path C:/Users/USER/Documents/GitHub/MM/game/Assets
GfxDevice: creating device client; threaded=0; jobified=0
Direct3D:
    Version:  Direct3D 11.0 [level 11.1]
    Renderer: NVIDIA GeForce RTX 3070 (ID=0x2488)
    Vendor:   NVIDIA
    VRAM:     8043 MB
    Driver:   30.0.15.1215
Initialize mono
Mono path[0] = 'C:/Program Files/Unity/Hub/Editor/2020.3.21f1/2021.3.11f1/Editor/Data/Managed'
Mono path[1] = 'C:/Program Files/Unity/Hub/Editor/2020.3.21f1/2021.3.11f1/Editor/Data/MonoBleedingEdge/lib/mono/unityjit-win32'
Mono config path = 'C:/Program Files/Unity/Hub/Editor/2020.3.21f1/2021.3.11f1/Editor/Data/MonoBleedingEdge/etc'
Using monoOptions --debugger-agent=transport=dt_socket,embedding=1,server=y,suspend=n,address=127.0.0.1:56968
Begin MonoManager ReloadAssembly
Registering precompiled unity dll's ...
Register platform support module: C:/Program Files/Unity/Hub/Editor/2020.3.21f1/2021.3.11f1/Editor/Data/PlaybackEngines/WebGLSupport/UnityEditor.WebGL.Extensions.dll
Register platform support module: C:/Program Files/Unity/Hub/Editor/2020.3.21f1/2021.3.11f1/Editor/Data/PlaybackEngines/WindowsStandaloneSupport/UnityEditor.WindowsStandalone.Extensions.dll
Registered in 0.015835 seconds.
Native extension for WindowsStandalone target not found
Native extension for WebGL target not found
Refreshing native plugins compatible for Editor in 68.70 ms, found 3 plugins.
Preloading 0 native plugins for Editor in 0.00 ms.
Mono: successfully reloaded assembly
- Completed reload, in  0.584 seconds
Domain Reload Profiling:
	ReloadAssembly (584ms)
		BeginReloadAssembly (81ms)
			ExecutionOrderSort (0ms)
			DisableScriptedObjects (0ms)
			BackupInstance (0ms)
			ReleaseScriptingObjects (0ms)
			CreateAndSetChildDomain (1ms)
		EndReloadAssembly (388ms)
			LoadAssemblies (79ms)
			RebuildTransferFunctionScriptingTraits (0ms)
			SetupTypeCache (96ms)
			ReleaseScriptCaches (0ms)
			RebuildScriptCaches (24ms)
			SetupLoadedEditorAssemblies (217ms)
				LogAssemblyErrors (0ms)
				InitializePlatformSupportModulesInManaged (10ms)
				SetLoadedEditorAssemblies (0ms)
				RefreshPlugins (69ms)
				BeforeProcessingInitializeOnLoad (1ms)
				ProcessInitializeOnLoadAttributes (98ms)
				ProcessInitializeOnLoadMethodAttributes (39ms)
				AfterProcessingInitializeOnLoad (0ms)
				EditorAssembliesLoaded (0ms)
			ExecutionOrderSort2 (0ms)
			AwakeInstancesAfterBackupRestoration (0ms)
Platform modules already initialized, skipping
Registering precompiled user dll's ...
Registered in 0.007113 seconds.
Begin MonoManager ReloadAssembly
Symbol file LoadedFromMemory doesn't match image C:\Users\USER\Documents\GitHub\MM\game\Library\PackageCache\com.unity.visualscripting@1.7.8\Editor\VisualScripting.Core\Dependencies\YamlDotNet\Unity.VisualScripting.YamlDotNet.dll
Symbol file LoadedFromMemory doesn't match image C:\Users\USER\Documents\GitHub\MM\game\Library\PackageCache\com.unity.visualscripting@1.7.8\Editor\VisualScripting.Core\Dependencies\DotNetZip\Unity.VisualScripting.IonicZip.dll
Native extension for WindowsStandalone target not found
Native extension for WebGL target not found
Refreshing native plugins compatible for Editor in 0.51 ms, found 3 plugins.
Preloading 0 native plugins for Editor in 0.00 ms.
Mono: successfully reloaded assembly
- Completed reload, in  0.864 seconds
Domain Reload Profiling:
	ReloadAssembly (865ms)
		BeginReloadAssembly (103ms)
			ExecutionOrderSort (0ms)
			DisableScriptedObjects (5ms)
			BackupInstance (0ms)
			ReleaseScriptingObjects (0ms)
			CreateAndSetChildDomain (16ms)
		EndReloadAssembly (664ms)
			LoadAssemblies (83ms)
			RebuildTransferFunctionScriptingTraits (0ms)
			SetupTypeCache (213ms)
			ReleaseScriptCaches (1ms)
			RebuildScriptCaches (43ms)
			SetupLoadedEditorAssemblies (300ms)
				LogAssemblyErrors (0ms)
				InitializePlatformSupportModulesInManaged (9ms)
				SetLoadedEditorAssemblies (0ms)
				RefreshPlugins (1ms)
				BeforeProcessingInitializeOnLoad (79ms)
				ProcessInitializeOnLoadAttributes (174ms)
				ProcessInitializeOnLoadMethodAttributes (26ms)
				AfterProcessingInitializeOnLoad (10ms)
				EditorAssembliesLoaded (0ms)
			ExecutionOrderSort2 (0ms)
			AwakeInstancesAfterBackupRestoration (5ms)
Platform modules already initialized, skipping
========================================================================
Worker process is ready to serve import requests
Launched and connected shader compiler UnityShaderCompiler.exe after 0.05 seconds
Refreshing native plugins compatible for Editor in 0.50 ms, found 3 plugins.
Preloading 0 native plugins for Editor in 0.00 ms.
Unloading 3431 Unused Serialized files (Serialized files now loaded: 0)
Unloading 27 unused Assets / (113.9 KB). Loaded Objects now: 3903.
Memory consumption went from 136.9 MB to 136.8 MB.
Total: 2.319600 ms (FindLiveObjects: 0.211600 ms CreateObjectMapping: 0.105600 ms MarkObjects: 1.903100 ms  DeleteObjects: 0.098600 ms)

AssetImportParameters requested are different than current active one (requested -> active):
  custom:video-decoder-ogg-theora: a1e56fd34408186e4bbccfd4996cb3dc -> 
  custom:container-muxer-webm: aa71ff27fc2769a1b78a27578f13a17b -> 
  custom:container-demuxer-webm: 4f35f7cbe854078d1ac9338744f61a02 -> 
  custom:video-encoder-webm-vp8: eb34c28f22e8b96e1ab97ce403110664 -> 
  custom:audio-encoder-webm-vorbis: bf7c407c2cedff20999df2af8eb42d56 -> 
  custom:framework-win-MediaFoundation: 216162199b28c13a410421893ffa2e32 -> 
  custom:container-demuxer-ogg: 62fdf1f143b41e24485cea50d1cbac27 -> 
  custom:video-decoder-webm-vp8: 9c59270c3fd7afecdb556c50c9e8de78 -> 
  custom:audio-decoder-ogg-vorbis: bf7c407c2cedff20999df2af8eb42d56 -> 
========================================================================
Received Import Request.
  Time since last request: 40929.614525 seconds.
  path: Assets/Sprite/midrail/middle_rail 1.gif
  artifactKey: Guid(71bb735afda5e3744a316bd0ca63d779) Importer(815301076,1909f56bfc062723c751e8b465ee728b)
Start importing Assets/Sprite/midrail/middle_rail 1.gif using Guid(71bb735afda5e3744a316bd0ca63d779) Importer(815301076,1909f56bfc062723c751e8b465ee728b)  -> (artifact id: 'b696b3cb117c57066598008c62ad1588') in 0.077195 seconds 
========================================================================
Received Import Request.
  Time since last request: 81.030507 seconds.
  path: Assets/Sprite/midrail/middle_rail18.png
  artifactKey: Guid(d2234d1289bfa524989d305f25c70d9f) Importer(815301076,1909f56bfc062723c751e8b465ee728b)
Start importing Assets/Sprite/midrail/middle_rail18.png using Guid(d2234d1289bfa524989d305f25c70d9f) Importer(815301076,1909f56bfc062723c751e8b465ee728b)  -> (artifact id: 'd57c72d0bc520956f4cdd49f1754f73e') in 0.087667 seconds 
========================================================================
Received Import Request.
  Time since last request: 0.000028 seconds.
  path: Assets/Sprite/midrail/middle_rail16.png
  artifactKey: Guid(50d4df7b46606194593a604e38abaf95) Importer(815301076,1909f56bfc062723c751e8b465ee728b)
Start importing Assets/Sprite/midrail/middle_rail16.png using Guid(50d4df7b46606194593a604e38abaf95) Importer(815301076,1909f56bfc062723c751e8b465ee728b)  -> (artifact id: '162895fc1fe6a707331a362bda0e21fd') in 0.020043 seconds 
========================================================================
Received Import Request.
  Time since last request: 0.000029 seconds.
  path: Assets/Sprite/midrail/middle_rail14.png
  artifactKey: Guid(25b93639e3f057d4d9b8d88438d41e68) Importer(815301076,1909f56bfc062723c751e8b465ee728b)
Start importing Assets/Sprite/midrail/middle_rail14.png using Guid(25b93639e3f057d4d9b8d88438d41e68) Importer(815301076,1909f56bfc062723c751e8b465ee728b)  -> (artifact id: 'b2840fd8112ab86ab5aa42c091371ce9') in 0.018699 seconds 
========================================================================
Received Import Request.
  Time since last request: 0.000029 seconds.
  path: Assets/Sprite/midrail/middle_rail11.png
  artifactKey: Guid(0d8a562e3fecbd14aaea8ff5b2a17873) Importer(815301076,1909f56bfc062723c751e8b465ee728b)
Start importing Assets/Sprite/midrail/middle_rail11.png using Guid(0d8a562e3fecbd14aaea8ff5b2a17873) Importer(815301076,1909f56bfc062723c751e8b465ee728b)  -> (artifact id: 'bfd4e71abc170d4a0a802be7c5fe0aa9') in 0.018987 seconds 
========================================================================
Received Import Request.
  Time since last request: 0.000018 seconds.
  path: Assets/Sprite/midrail/middle_rail6.png
  artifactKey: Guid(0d43f42e888bf3b4dbc6a6d459caba2e) Importer(815301076,1909f56bfc062723c751e8b465ee728b)
Start importing Assets/Sprite/midrail/middle_rail6.png using Guid(0d43f42e888bf3b4dbc6a6d459caba2e) Importer(815301076,1909f56bfc062723c751e8b465ee728b)  -> (artifact id: 'b2bb60cb857fef244d19dda3ae3c42e2') in 0.021187 seconds 
========================================================================
Received Import Request.
  Time since last request: 0.000043 seconds.
  path: Assets/Sprite/midrail/middle_rail8.png
  artifactKey: Guid(5e3fb94c3ce875b4c8ec177649f21dbd) Importer(815301076,1909f56bfc062723c751e8b465ee728b)
Start importing Assets/Sprite/midrail/middle_rail8.png using Guid(5e3fb94c3ce875b4c8ec177649f21dbd) Importer(815301076,1909f56bfc062723c751e8b465ee728b)  -> (artifact id: '062d494adfbfe531e04fdaa6240f8b2c') in 0.017732 seconds 
========================================================================
Received Import Request.
  Time since last request: 0.000036 seconds.
  path: Assets/Sprite/midrail/middle_rail15.png
  artifactKey: Guid(5bb02abc81f2e744685e1ffee0a0f513) Importer(815301076,1909f56bfc062723c751e8b465ee728b)
Start importing Assets/Sprite/midrail/middle_rail15.png using Guid(5bb02abc81f2e744685e1ffee0a0f513) Importer(815301076,1909f56bfc062723c751e8b465ee728b)  -> (artifact id: 'da794c5705272109fd8832368b058d81') in 0.019398 seconds 
========================================================================
Received Import Request.
  Time since last request: 0.000048 seconds.
  path: Assets/Sprite/midrail/middle_rail12.png
  artifactKey: Guid(79ea0c6c78f13404aa793ebd1de90d7d) Importer(815301076,1909f56bfc062723c751e8b465ee728b)
Start importing Assets/Sprite/midrail/middle_rail12.png using Guid(79ea0c6c78f13404aa793ebd1de90d7d) Importer(815301076,1909f56bfc062723c751e8b465ee728b)  -> (artifact id: '5852be210c0e0cb00c7c4038d8dbdec4') in 0.017651 seconds 
========================================================================
Received Import Request.
  Time since last request: 0.000038 seconds.
  path: Assets/Sprite/midrail/middle_rail3.png
  artifactKey: Guid(232b686e32dbf154e80939a986be2b0e) Importer(815301076,1909f56bfc062723c751e8b465ee728b)
Start importing Assets/Sprite/midrail/middle_rail3.png using Guid(232b686e32dbf154e80939a986be2b0e) Importer(815301076,1909f56bfc062723c751e8b465ee728b)  -> (artifact id: '333af57189a5f5d4b21270560786b1f1') in 0.014678 seconds 
========================================================================
Received Import Request.
  Time since last request: 0.000026 seconds.
  path: Assets/Sprite/midrail/middle_rail17.png
  artifactKey: Guid(557577a0b1ef2504e9f133406e098de2) Importer(815301076,1909f56bfc062723c751e8b465ee728b)
Start importing Assets/Sprite/midrail/middle_rail17.png using Guid(557577a0b1ef2504e9f133406e098de2) Importer(815301076,1909f56bfc062723c751e8b465ee728b)  -> (artifact id: '53e2a1a340c882d54a6199ac6ae3d229') in 0.018829 seconds 
========================================================================
Received Prepare
Registering precompiled user dll's ...
Registered in 0.006213 seconds.
Begin MonoManager ReloadAssembly
Symbol file LoadedFromMemory doesn't match image C:\Users\USER\Documents\GitHub\MM\game\Library\PackageCache\com.unity.visualscripting@1.7.8\Editor\VisualScripting.Core\Dependencies\YamlDotNet\Unity.VisualScripting.YamlDotNet.dll
Symbol file LoadedFromMemory doesn't match image C:\Users\USER\Documents\GitHub\MM\game\Library\PackageCache\com.unity.visualscripting@1.7.8\Editor\VisualScripting.Core\Dependencies\DotNetZip\Unity.VisualScripting.IonicZip.dll
Native extension for WindowsStandalone target not found
Native extension for WebGL target not found
Refreshing native plugins compatible for Editor in 0.51 ms, found 3 plugins.
Preloading 0 native plugins for Editor in 0.00 ms.
Mono: successfully reloaded assembly
- Completed reload, in  0.878 seconds
Domain Reload Profiling:
	ReloadAssembly (879ms)
		BeginReloadAssembly (131ms)
			ExecutionOrderSort (0ms)
			DisableScriptedObjects (4ms)
			BackupInstance (0ms)
			ReleaseScriptingObjects (0ms)
			CreateAndSetChildDomain (31ms)
		EndReloadAssembly (650ms)
			LoadAssemblies (91ms)
			RebuildTransferFunctionScriptingTraits (0ms)
			SetupTypeCache (206ms)
			ReleaseScriptCaches (1ms)
			RebuildScriptCaches (33ms)
			SetupLoadedEditorAssemblies (293ms)
				LogAssemblyErrors (0ms)
				InitializePlatformSupportModulesInManaged (17ms)
				SetLoadedEditorAssemblies (0ms)
				RefreshPlugins (1ms)
				BeforeProcessingInitializeOnLoad (71ms)
				ProcessInitializeOnLoadAttributes (166ms)
				ProcessInitializeOnLoadMethodAttributes (25ms)
				AfterProcessingInitializeOnLoad (13ms)
				EditorAssembliesLoaded (0ms)
			ExecutionOrderSort2 (0ms)
			AwakeInstancesAfterBackupRestoration (7ms)
Platform modules already initialized, skipping
Refreshing native plugins compatible for Editor in 2.70 ms, found 3 plugins.
Preloading 0 native plugins for Editor in 0.00 ms.
Unloading 3413 Unused Serialized files (Serialized files now loaded: 0)
Unloading 20 unused Assets / (80.6 KB). Loaded Objects now: 3913.
Memory consumption went from 140.1 MB to 140.0 MB.
Total: 2.614300 ms (FindLiveObjects: 0.197100 ms CreateObjectMapping: 0.117900 ms MarkObjects: 2.178200 ms  DeleteObjects: 0.119700 ms)

AssetImportParameters requested are different than current active one (requested -> active):
  custom:video-decoder-ogg-theora: a1e56fd34408186e4bbccfd4996cb3dc -> 
  custom:container-muxer-webm: aa71ff27fc2769a1b78a27578f13a17b -> 
  custom:container-demuxer-webm: 4f35f7cbe854078d1ac9338744f61a02 -> 
  custom:video-encoder-webm-vp8: eb34c28f22e8b96e1ab97ce403110664 -> 
  custom:audio-encoder-webm-vorbis: bf7c407c2cedff20999df2af8eb42d56 -> 
  custom:framework-win-MediaFoundation: 216162199b28c13a410421893ffa2e32 -> 
  custom:container-demuxer-ogg: 62fdf1f143b41e24485cea50d1cbac27 -> 
  custom:video-decoder-webm-vp8: 9c59270c3fd7afecdb556c50c9e8de78 -> 
  custom:audio-decoder-ogg-vorbis: bf7c407c2cedff20999df2af8eb42d56 -> 
========================================================================
Received Prepare
Registering precompiled user dll's ...
Registered in 0.007349 seconds.
Begin MonoManager ReloadAssembly
Symbol file LoadedFromMemory doesn't match image C:\Users\USER\Documents\GitHub\MM\game\Library\PackageCache\com.unity.visualscripting@1.7.8\Editor\VisualScripting.Core\Dependencies\YamlDotNet\Unity.VisualScripting.YamlDotNet.dll
Symbol file LoadedFromMemory doesn't match image C:\Users\USER\Documents\GitHub\MM\game\Library\PackageCache\com.unity.visualscripting@1.7.8\Editor\VisualScripting.Core\Dependencies\DotNetZip\Unity.VisualScripting.IonicZip.dll
Native extension for WindowsStandalone target not found
Native extension for WebGL target not found
Refreshing native plugins compatible for Editor in 0.46 ms, found 3 plugins.
Preloading 0 native plugins for Editor in 0.00 ms.
Mono: successfully reloaded assembly
- Completed reload, in  0.906 seconds
Domain Reload Profiling:
	ReloadAssembly (907ms)
		BeginReloadAssembly (135ms)
			ExecutionOrderSort (0ms)
			DisableScriptedObjects (4ms)
			BackupInstance (0ms)
			ReleaseScriptingObjects (0ms)
			CreateAndSetChildDomain (33ms)
		EndReloadAssembly (679ms)
			LoadAssemblies (95ms)
			RebuildTransferFunctionScriptingTraits (0ms)
			SetupTypeCache (223ms)
			ReleaseScriptCaches (1ms)
			RebuildScriptCaches (35ms)
			SetupLoadedEditorAssemblies (300ms)
				LogAssemblyErrors (0ms)
				InitializePlatformSupportModulesInManaged (16ms)
				SetLoadedEditorAssemblies (0ms)
				RefreshPlugins (1ms)
				BeforeProcessingInitializeOnLoad (68ms)
				ProcessInitializeOnLoadAttributes (174ms)
				ProcessInitializeOnLoadMethodAttributes (28ms)
				AfterProcessingInitializeOnLoad (14ms)
				EditorAssembliesLoaded (0ms)
			ExecutionOrderSort2 (0ms)
			AwakeInstancesAfterBackupRestoration (7ms)
Platform modules already initialized, skipping
Refreshing native plugins compatible for Editor in 2.86 ms, found 3 plugins.
Preloading 0 native plugins for Editor in 0.00 ms.
Unloading 3413 Unused Serialized files (Serialized files now loaded: 0)
Unloading 20 unused Assets / (80.6 KB). Loaded Objects now: 3916.
Memory consumption went from 140.1 MB to 140.0 MB.
Total: 2.308700 ms (FindLiveObjects: 0.225900 ms CreateObjectMapping: 0.141000 ms MarkObjects: 1.855600 ms  DeleteObjects: 0.085300 ms)

AssetImportParameters requested are different than current active one (requested -> active):
  custom:video-decoder-ogg-theora: a1e56fd34408186e4bbccfd4996cb3dc -> 
  custom:container-muxer-webm: aa71ff27fc2769a1b78a27578f13a17b -> 
  custom:container-demuxer-webm: 4f35f7cbe854078d1ac9338744f61a02 -> 
  custom:video-encoder-webm-vp8: eb34c28f22e8b96e1ab97ce403110664 -> 
  custom:audio-encoder-webm-vorbis: bf7c407c2cedff20999df2af8eb42d56 -> 
  custom:framework-win-MediaFoundation: 216162199b28c13a410421893ffa2e32 -> 
  custom:container-demuxer-ogg: 62fdf1f143b41e24485cea50d1cbac27 -> 
  custom:video-decoder-webm-vp8: 9c59270c3fd7afecdb556c50c9e8de78 -> 
  custom:audio-decoder-ogg-vorbis: bf7c407c2cedff20999df2af8eb42d56 -> 
========================================================================
Received Import Request.
  Time since last request: 338.662633 seconds.
  path: Assets/Sprite/factory2.png
  artifactKey: Guid(b001bf150f04c2c4195c457cee003f98) Importer(815301076,1909f56bfc062723c751e8b465ee728b)
Start importing Assets/Sprite/factory2.png using Guid(b001bf150f04c2c4195c457cee003f98) Importer(815301076,1909f56bfc062723c751e8b465ee728b)  -> (artifact id: '8e2ea9d0f3fda69f0ea33f2144026cd6') in 0.041082 seconds 
========================================================================
Received Import Request.
  Time since last request: 59.771250 seconds.
  path: Assets/Sprite/factory2.png
  artifactKey: Guid(b001bf150f04c2c4195c457cee003f98) Importer(815301076,1909f56bfc062723c751e8b465ee728b)
Start importing Assets/Sprite/factory2.png using Guid(b001bf150f04c2c4195c457cee003f98) Importer(815301076,1909f56bfc062723c751e8b465ee728b)  -> (artifact id: '0e13a176ceb1956f68508ff66a8431f0') in 0.027476 seconds 
========================================================================
Received Import Request.
  Time since last request: 0.007974 seconds.
  path: Assets/Sprite/factory_1.gif
  artifactKey: Guid(1df8ca8f8ee57e04983dc52a1226dc57) Importer(815301076,1909f56bfc062723c751e8b465ee728b)
Start importing Assets/Sprite/factory_1.gif using Guid(1df8ca8f8ee57e04983dc52a1226dc57) Importer(815301076,1909f56bfc062723c751e8b465ee728b)  -> (artifact id: 'eafdf9253e04572795b8ac16da83d6e4') in 0.025421 seconds 
========================================================================
Received Import Request.
  Time since last request: 53.954433 seconds.
  path: Assets/Sprite/factory
  artifactKey: Guid(e421ff4d4829e574db021052f6b1066f) Importer(815301076,1909f56bfc062723c751e8b465ee728b)
Start importing Assets/Sprite/factory using Guid(e421ff4d4829e574db021052f6b1066f) Importer(815301076,1909f56bfc062723c751e8b465ee728b)  -> (artifact id: '41cb6548aa7a5dcb85cb5922d00dc31e') in 0.006093 seconds 
========================================================================
Received Import Request.
  Time since last request: 1107.549931 seconds.
  path: Assets/Sprite/factory/factory_1.png
  artifactKey: Guid(86f9f94db7a149e41a47aae9b57da2aa) Importer(815301076,1909f56bfc062723c751e8b465ee728b)
Start importing Assets/Sprite/factory/factory_1.png using Guid(86f9f94db7a149e41a47aae9b57da2aa) Importer(815301076,1909f56bfc062723c751e8b465ee728b)  -> (artifact id: '31f30ae6d3b29783717acdba26dbcc49') in 0.011106 seconds 
========================================================================
Received Import Request.
  Time since last request: 0.005621 seconds.
  path: Assets/Sprite/factory/factory_4.png
  artifactKey: Guid(59dd47435a6d63545970965e2a980c29) Importer(815301076,1909f56bfc062723c751e8b465ee728b)
Start importing Assets/Sprite/factory/factory_4.png using Guid(59dd47435a6d63545970965e2a980c29) Importer(815301076,1909f56bfc062723c751e8b465ee728b)  -> (artifact id: '1e2da9c85d9222fc462e0324ae5db9e8') in 0.021242 seconds 
========================================================================
Received Import Request.
  Time since last request: 0.000017 seconds.
  path: Assets/Sprite/factory/factory_8.png
  artifactKey: Guid(2dcb460a2d60c604f83e38f3cc14409f) Importer(815301076,1909f56bfc062723c751e8b465ee728b)
Start importing Assets/Sprite/factory/factory_8.png using Guid(2dcb460a2d60c604f83e38f3cc14409f) Importer(815301076,1909f56bfc062723c751e8b465ee728b)  -> (artifact id: '9a9850a6338e1aedb0b5da87f503a49c') in 0.020873 seconds 
========================================================================
Received Import Request.
  Time since last request: 0.000021 seconds.
  path: Assets/Sprite/factory/factory_3.png
  artifactKey: Guid(981ccc635cfbd6c41869e6ab54a7d357) Importer(815301076,1909f56bfc062723c751e8b465ee728b)
Start importing Assets/Sprite/factory/factory_3.png using Guid(981ccc635cfbd6c41869e6ab54a7d357) Importer(815301076,1909f56bfc062723c751e8b465ee728b)  -> (artifact id: '04d6112bb57d2be8d98f09fe32c365d5') in 0.020397 seconds 
========================================================================
Received Import Request.
  Time since last request: 32.407004 seconds.
  path: Assets/Sprite/factory/factory_1.png
  artifactKey: Guid(86f9f94db7a149e41a47aae9b57da2aa) Importer(815301076,1909f56bfc062723c751e8b465ee728b)
Start importing Assets/Sprite/factory/factory_1.png using Guid(86f9f94db7a149e41a47aae9b57da2aa) Importer(815301076,1909f56bfc062723c751e8b465ee728b)  -> (artifact id: '42d3bf083a0528bd22439fb81a4bb3f6') in 0.016538 seconds 
========================================================================
Received Import Request.
  Time since last request: 0.000031 seconds.
  path: Assets/Sprite/factory/factory_7.png
  artifactKey: Guid(2e2c396859fe3754d9ccbf28812345bc) Importer(815301076,1909f56bfc062723c751e8b465ee728b)
Start importing Assets/Sprite/factory/factory_7.png using Guid(2e2c396859fe3754d9ccbf28812345bc) Importer(815301076,1909f56bfc062723c751e8b465ee728b)  -> (artifact id: 'bb2c38b4d9e727d07ded280559204ea8') in 0.016555 seconds 
========================================================================
Received Import Request.
  Time since last request: 0.000030 seconds.
  path: Assets/Sprite/factory/factory_4.png
  artifactKey: Guid(59dd47435a6d63545970965e2a980c29) Importer(815301076,1909f56bfc062723c751e8b465ee728b)
Start importing Assets/Sprite/factory/factory_4.png using Guid(59dd47435a6d63545970965e2a980c29) Importer(815301076,1909f56bfc062723c751e8b465ee728b)  -> (artifact id: '72aebd488343e9a42867f8d5bf5903a5') in 0.018960 seconds 
========================================================================
Received Import Request.
  Time since last request: 0.000024 seconds.
  path: Assets/Sprite/factory/factory_3.png
  artifactKey: Guid(981ccc635cfbd6c41869e6ab54a7d357) Importer(815301076,1909f56bfc062723c751e8b465ee728b)
Start importing Assets/Sprite/factory/factory_3.png using Guid(981ccc635cfbd6c41869e6ab54a7d357) Importer(815301076,1909f56bfc062723c751e8b465ee728b)  -> (artifact id: '4ba3c4329dbe60098a2d67ae027cf692') in 0.015336 seconds 
========================================================================
Received Prepare
Registering precompiled user dll's ...
Registered in 0.007951 seconds.
Begin MonoManager ReloadAssembly
Symbol file LoadedFromMemory doesn't match image C:\Users\USER\Documents\GitHub\MM\game\Library\PackageCache\com.unity.visualscripting@1.7.8\Editor\VisualScripting.Core\Dependencies\YamlDotNet\Unity.VisualScripting.YamlDotNet.dll
Symbol file LoadedFromMemory doesn't match image C:\Users\USER\Documents\GitHub\MM\game\Library\PackageCache\com.unity.visualscripting@1.7.8\Editor\VisualScripting.Core\Dependencies\DotNetZip\Unity.VisualScripting.IonicZip.dll
Native extension for WindowsStandalone target not found
Native extension for WebGL target not found
Refreshing native plugins compatible for Editor in 0.54 ms, found 3 plugins.
Preloading 0 native plugins for Editor in 0.00 ms.
Mono: successfully reloaded assembly
- Completed reload, in  0.927 seconds
Domain Reload Profiling:
	ReloadAssembly (927ms)
		BeginReloadAssembly (140ms)
			ExecutionOrderSort (0ms)
			DisableScriptedObjects (4ms)
			BackupInstance (0ms)
			ReleaseScriptingObjects (0ms)
			CreateAndSetChildDomain (32ms)
		EndReloadAssembly (695ms)
			LoadAssemblies (100ms)
			RebuildTransferFunctionScriptingTraits (0ms)
			SetupTypeCache (227ms)
			ReleaseScriptCaches (1ms)
			RebuildScriptCaches (40ms)
			SetupLoadedEditorAssemblies (295ms)
				LogAssemblyErrors (0ms)
				InitializePlatformSupportModulesInManaged (16ms)
				SetLoadedEditorAssemblies (1ms)
				RefreshPlugins (1ms)
				BeforeProcessingInitializeOnLoad (72ms)
				ProcessInitializeOnLoadAttributes (167ms)
				ProcessInitializeOnLoadMethodAttributes (25ms)
				AfterProcessingInitializeOnLoad (14ms)
				EditorAssembliesLoaded (0ms)
			ExecutionOrderSort2 (0ms)
			AwakeInstancesAfterBackupRestoration (7ms)
Platform modules already initialized, skipping
Refreshing native plugins compatible for Editor in 2.71 ms, found 3 plugins.
Preloading 0 native plugins for Editor in 0.00 ms.
Unloading 3413 Unused Serialized files (Serialized files now loaded: 0)
Unloading 20 unused Assets / (80.5 KB). Loaded Objects now: 3924.
Memory consumption went from 140.0 MB to 139.9 MB.
Total: 2.692400 ms (FindLiveObjects: 0.249600 ms CreateObjectMapping: 0.128000 ms MarkObjects: 2.241800 ms  DeleteObjects: 0.072100 ms)

AssetImportParameters requested are different than current active one (requested -> active):
  custom:video-decoder-ogg-theora: a1e56fd34408186e4bbccfd4996cb3dc -> 
  custom:container-muxer-webm: aa71ff27fc2769a1b78a27578f13a17b -> 
  custom:container-demuxer-webm: 4f35f7cbe854078d1ac9338744f61a02 -> 
  custom:video-encoder-webm-vp8: eb34c28f22e8b96e1ab97ce403110664 -> 
  custom:audio-encoder-webm-vorbis: bf7c407c2cedff20999df2af8eb42d56 -> 
  custom:framework-win-MediaFoundation: 216162199b28c13a410421893ffa2e32 -> 
  custom:container-demuxer-ogg: 62fdf1f143b41e24485cea50d1cbac27 -> 
  custom:video-decoder-webm-vp8: 9c59270c3fd7afecdb556c50c9e8de78 -> 
  custom:audio-decoder-ogg-vorbis: bf7c407c2cedff20999df2af8eb42d56 -> 
========================================================================
Received Import Request.
  Time since last request: 2241.925924 seconds.
  path: Assets/Sprite/panguin_kart1.png
  artifactKey: Guid(c20696954d3148548bd02c36a459011a) Importer(815301076,1909f56bfc062723c751e8b465ee728b)
Start importing Assets/Sprite/panguin_kart1.png using Guid(c20696954d3148548bd02c36a459011a) Importer(815301076,1909f56bfc062723c751e8b465ee728b)  -> (artifact id: '4a2dbc999532ae1aa242ac0b6a133db3') in 0.053146 seconds 
========================================================================
Received Import Request.
  Time since last request: 0.000027 seconds.
  path: Assets/Sprite/panguin_kart2.png
  artifactKey: Guid(3ef13001f3161524b99fce7c13adc718) Importer(815301076,1909f56bfc062723c751e8b465ee728b)
Start importing Assets/Sprite/panguin_kart2.png using Guid(3ef13001f3161524b99fce7c13adc718) Importer(815301076,1909f56bfc062723c751e8b465ee728b)  -> (artifact id: 'f4d707fe33a0802ffd3dcd2bdf72709d') in 0.013293 seconds 
========================================================================
Received Import Request.
  Time since last request: 5.428138 seconds.
  path: Assets/Sprite/panguin_kart2.png
  artifactKey: Guid(3ef13001f3161524b99fce7c13adc718) Importer(815301076,1909f56bfc062723c751e8b465ee728b)
Start importing Assets/Sprite/panguin_kart2.png using Guid(3ef13001f3161524b99fce7c13adc718) Importer(815301076,1909f56bfc062723c751e8b465ee728b)  -> (artifact id: 'd6bbdbbdd41bed0f4158823ba2c9df13') in 0.029882 seconds 
========================================================================
Received Prepare
Registering precompiled user dll's ...
Registered in 0.007129 seconds.
Begin MonoManager ReloadAssembly
Symbol file LoadedFromMemory doesn't match image C:\Users\USER\Documents\GitHub\MM\game\Library\PackageCache\com.unity.visualscripting@1.7.8\Editor\VisualScripting.Core\Dependencies\YamlDotNet\Unity.VisualScripting.YamlDotNet.dll
Symbol file LoadedFromMemory doesn't match image C:\Users\USER\Documents\GitHub\MM\game\Library\PackageCache\com.unity.visualscripting@1.7.8\Editor\VisualScripting.Core\Dependencies\DotNetZip\Unity.VisualScripting.IonicZip.dll
Native extension for WindowsStandalone target not found
Native extension for WebGL target not found
Refreshing native plugins compatible for Editor in 0.81 ms, found 3 plugins.
Preloading 0 native plugins for Editor in 0.00 ms.
Mono: successfully reloaded assembly
- Completed reload, in  1.012 seconds
Domain Reload Profiling:
	ReloadAssembly (1013ms)
		BeginReloadAssembly (151ms)
			ExecutionOrderSort (0ms)
			DisableScriptedObjects (4ms)
			BackupInstance (0ms)
			ReleaseScriptingObjects (0ms)
			CreateAndSetChildDomain (38ms)
		EndReloadAssembly (759ms)
			LoadAssemblies (107ms)
			RebuildTransferFunctionScriptingTraits (0ms)
			SetupTypeCache (247ms)
			ReleaseScriptCaches (3ms)
			RebuildScriptCaches (45ms)
			SetupLoadedEditorAssemblies (321ms)
				LogAssemblyErrors (0ms)
				InitializePlatformSupportModulesInManaged (17ms)
				SetLoadedEditorAssemblies (1ms)
				RefreshPlugins (1ms)
				BeforeProcessingInitializeOnLoad (71ms)
				ProcessInitializeOnLoadAttributes (189ms)
				ProcessInitializeOnLoadMethodAttributes (27ms)
				AfterProcessingInitializeOnLoad (15ms)
				EditorAssembliesLoaded (0ms)
			ExecutionOrderSort2 (0ms)
			AwakeInstancesAfterBackupRestoration (7ms)
Platform modules already initialized, skipping
Refreshing native plugins compatible for Editor in 3.45 ms, found 3 plugins.
Preloading 0 native plugins for Editor in 0.00 ms.
Unloading 3413 Unused Serialized files (Serialized files now loaded: 0)
Unloading 20 unused Assets / (80.5 KB). Loaded Objects now: 3930.
Memory consumption went from 140.1 MB to 140.0 MB.
Total: 2.977700 ms (FindLiveObjects: 0.227400 ms CreateObjectMapping: 0.124300 ms MarkObjects: 2.444100 ms  DeleteObjects: 0.180900 ms)

AssetImportParameters requested are different than current active one (requested -> active):
  custom:video-decoder-ogg-theora: a1e56fd34408186e4bbccfd4996cb3dc -> 
  custom:container-muxer-webm: aa71ff27fc2769a1b78a27578f13a17b -> 
  custom:container-demuxer-webm: 4f35f7cbe854078d1ac9338744f61a02 -> 
  custom:video-encoder-webm-vp8: eb34c28f22e8b96e1ab97ce403110664 -> 
  custom:audio-encoder-webm-vorbis: bf7c407c2cedff20999df2af8eb42d56 -> 
  custom:framework-win-MediaFoundation: 216162199b28c13a410421893ffa2e32 -> 
  custom:container-demuxer-ogg: 62fdf1f143b41e24485cea50d1cbac27 -> 
  custom:video-decoder-webm-vp8: 9c59270c3fd7afecdb556c50c9e8de78 -> 
  custom:audio-decoder-ogg-vorbis: bf7c407c2cedff20999df2af8eb42d56 -> 
========================================================================
Received Prepare
Registering precompiled user dll's ...
Registered in 0.007359 seconds.
Begin MonoManager ReloadAssembly
Symbol file LoadedFromMemory doesn't match image C:\Users\USER\Documents\GitHub\MM\game\Library\PackageCache\com.unity.visualscripting@1.7.8\Editor\VisualScripting.Core\Dependencies\YamlDotNet\Unity.VisualScripting.YamlDotNet.dll
Symbol file LoadedFromMemory doesn't match image C:\Users\USER\Documents\GitHub\MM\game\Library\PackageCache\com.unity.visualscripting@1.7.8\Editor\VisualScripting.Core\Dependencies\DotNetZip\Unity.VisualScripting.IonicZip.dll
Native extension for WindowsStandalone target not found
Native extension for WebGL target not found
Refreshing native plugins compatible for Editor in 0.49 ms, found 3 plugins.
Preloading 0 native plugins for Editor in 0.00 ms.
Mono: successfully reloaded assembly
- Completed reload, in  0.931 seconds
Domain Reload Profiling:
	ReloadAssembly (931ms)
		BeginReloadAssembly (144ms)
			ExecutionOrderSort (0ms)
			DisableScriptedObjects (5ms)
			BackupInstance (0ms)
			ReleaseScriptingObjects (0ms)
			CreateAndSetChildDomain (35ms)
		EndReloadAssembly (679ms)
			LoadAssemblies (98ms)
			RebuildTransferFunctionScriptingTraits (0ms)
			SetupTypeCache (231ms)
			ReleaseScriptCaches (1ms)
			RebuildScriptCaches (38ms)
			SetupLoadedEditorAssemblies (290ms)
				LogAssemblyErrors (0ms)
				InitializePlatformSupportModulesInManaged (15ms)
				SetLoadedEditorAssemblies (0ms)
				RefreshPlugins (1ms)
				BeforeProcessingInitializeOnLoad (67ms)
				ProcessInitializeOnLoadAttributes (170ms)
				ProcessInitializeOnLoadMethodAttributes (24ms)
				AfterProcessingInitializeOnLoad (13ms)
				EditorAssembliesLoaded (0ms)
			ExecutionOrderSort2 (0ms)
			AwakeInstancesAfterBackupRestoration (7ms)
Platform modules already initialized, skipping
Refreshing native plugins compatible for Editor in 2.36 ms, found 3 plugins.
Preloading 0 native plugins for Editor in 0.00 ms.
Unloading 3413 Unused Serialized files (Serialized files now loaded: 0)
Unloading 20 unused Assets / (80.5 KB). Loaded Objects now: 3933.
Memory consumption went from 140.1 MB to 140.1 MB.
Total: 2.342400 ms (FindLiveObjects: 0.249400 ms CreateObjectMapping: 0.125700 ms MarkObjects: 1.894400 ms  DeleteObjects: 0.071800 ms)

AssetImportParameters requested are different than current active one (requested -> active):
  custom:video-decoder-ogg-theora: a1e56fd34408186e4bbccfd4996cb3dc -> 
  custom:container-muxer-webm: aa71ff27fc2769a1b78a27578f13a17b -> 
  custom:container-demuxer-webm: 4f35f7cbe854078d1ac9338744f61a02 -> 
  custom:video-encoder-webm-vp8: eb34c28f22e8b96e1ab97ce403110664 -> 
  custom:audio-encoder-webm-vorbis: bf7c407c2cedff20999df2af8eb42d56 -> 
  custom:framework-win-MediaFoundation: 216162199b28c13a410421893ffa2e32 -> 
  custom:container-demuxer-ogg: 62fdf1f143b41e24485cea50d1cbac27 -> 
  custom:video-decoder-webm-vp8: 9c59270c3fd7afecdb556c50c9e8de78 -> 
  custom:audio-decoder-ogg-vorbis: bf7c407c2cedff20999df2af8eb42d56 -> 
